<?xml version="1.0" encoding="UTF-8"?>
<testsuite name="WebTechProjekt.WebTech.WebTechProjektApplicationTests" tests="1" skipped="0" failures="0" errors="0" timestamp="2022-11-08T15:58:37" hostname="MacBook-Pro-von-Sinem.local" time="0.393">
  <properties/>
  <testcase name="contextLoads()" classname="WebTechProjekt.WebTech.WebTechProjektApplicationTests" time="0.393"/>
  <system-out><![CDATA[16:58:34.758 [Test worker] DEBUG org.springframework.test.context.BootstrapUtils - Instantiating CacheAwareContextLoaderDelegate from class [org.springframework.test.context.cache.DefaultCacheAwareContextLoaderDelegate]
16:58:34.775 [Test worker] DEBUG org.springframework.test.context.BootstrapUtils - Instantiating BootstrapContext using constructor [public org.springframework.test.context.support.DefaultBootstrapContext(java.lang.Class,org.springframework.test.context.CacheAwareContextLoaderDelegate)]
16:58:34.831 [Test worker] DEBUG org.springframework.test.context.BootstrapUtils - Instantiating TestContextBootstrapper for test class [WebTechProjekt.WebTech.WebTechProjektApplicationTests] from class [org.springframework.boot.test.context.SpringBootTestContextBootstrapper]
16:58:34.845 [Test worker] INFO org.springframework.boot.test.context.SpringBootTestContextBootstrapper - Neither @ContextConfiguration nor @ContextHierarchy found for test class [WebTechProjekt.WebTech.WebTechProjektApplicationTests], using SpringBootContextLoader
16:58:34.848 [Test worker] DEBUG org.springframework.test.context.support.AbstractContextLoader - Did not detect default resource location for test class [WebTechProjekt.WebTech.WebTechProjektApplicationTests]: class path resource [WebTechProjekt/WebTech/WebTechProjektApplicationTests-context.xml] does not exist
16:58:34.848 [Test worker] DEBUG org.springframework.test.context.support.AbstractContextLoader - Did not detect default resource location for test class [WebTechProjekt.WebTech.WebTechProjektApplicationTests]: class path resource [WebTechProjekt/WebTech/WebTechProjektApplicationTestsContext.groovy] does not exist
16:58:34.848 [Test worker] INFO org.springframework.test.context.support.AbstractContextLoader - Could not detect default resource locations for test class [WebTechProjekt.WebTech.WebTechProjektApplicationTests]: no resource found for suffixes {-context.xml, Context.groovy}.
16:58:34.849 [Test worker] INFO org.springframework.test.context.support.AnnotationConfigContextLoaderUtils - Could not detect default configuration classes for test class [WebTechProjekt.WebTech.WebTechProjektApplicationTests]: WebTechProjektApplicationTests does not declare any static, non-private, non-final, nested classes annotated with @Configuration.
16:58:34.889 [Test worker] DEBUG org.springframework.test.context.support.ActiveProfilesUtils - Could not find an 'annotation declaring class' for annotation type [org.springframework.test.context.ActiveProfiles] and class [WebTechProjekt.WebTech.WebTechProjektApplicationTests]
16:58:35.014 [Test worker] DEBUG org.springframework.context.annotation.ClassPathScanningCandidateComponentProvider - Identified candidate component class: file [/Users/krtgls/MyWebtech-projekt/build/classes/java/main/WebTechProjekt/WebTech/WebTechProjektApplication.class]
16:58:35.019 [Test worker] INFO org.springframework.boot.test.context.SpringBootTestContextBootstrapper - Found @SpringBootConfiguration WebTechProjekt.WebTech.WebTechProjektApplication for test class WebTechProjekt.WebTech.WebTechProjektApplicationTests
16:58:35.103 [Test worker] DEBUG org.springframework.boot.test.context.SpringBootTestContextBootstrapper - @TestExecutionListeners is not present for class [WebTechProjekt.WebTech.WebTechProjektApplicationTests]: using defaults.
16:58:35.104 [Test worker] INFO org.springframework.boot.test.context.SpringBootTestContextBootstrapper - Loaded default TestExecutionListener class names from location [META-INF/spring.factories]: [org.springframework.boot.test.autoconfigure.restdocs.RestDocsTestExecutionListener, org.springframework.boot.test.autoconfigure.web.client.MockRestServiceServerResetTestExecutionListener, org.springframework.boot.test.autoconfigure.web.servlet.MockMvcPrintOnlyOnFailureTestExecutionListener, org.springframework.boot.test.autoconfigure.web.servlet.WebDriverTestExecutionListener, org.springframework.boot.test.autoconfigure.webservices.client.MockWebServiceServerTestExecutionListener, org.springframework.boot.test.mock.mockito.MockitoTestExecutionListener, org.springframework.boot.test.mock.mockito.ResetMocksTestExecutionListener, org.springframework.test.context.web.ServletTestExecutionListener, org.springframework.test.context.support.DirtiesContextBeforeModesTestExecutionListener, org.springframework.test.context.event.ApplicationEventsTestExecutionListener, org.springframework.test.context.support.DependencyInjectionTestExecutionListener, org.springframework.test.context.support.DirtiesContextTestExecutionListener, org.springframework.test.context.transaction.TransactionalTestExecutionListener, org.springframework.test.context.jdbc.SqlScriptsTestExecutionListener, org.springframework.test.context.event.EventPublishingTestExecutionListener]
16:58:35.113 [Test worker] DEBUG org.springframework.boot.test.context.SpringBootTestContextBootstrapper - Skipping candidate TestExecutionListener [org.springframework.test.context.transaction.TransactionalTestExecutionListener] due to a missing dependency. Specify custom listener classes or make the default listener classes and their required dependencies available. Offending class: [org/springframework/transaction/interceptor/TransactionAttributeSource]
16:58:35.113 [Test worker] DEBUG org.springframework.boot.test.context.SpringBootTestContextBootstrapper - Skipping candidate TestExecutionListener [org.springframework.test.context.jdbc.SqlScriptsTestExecutionListener] due to a missing dependency. Specify custom listener classes or make the default listener classes and their required dependencies available. Offending class: [org/springframework/transaction/interceptor/TransactionAttribute]
16:58:35.113 [Test worker] INFO org.springframework.boot.test.context.SpringBootTestContextBootstrapper - Using TestExecutionListeners: [org.springframework.test.context.web.ServletTestExecutionListener@201b6b6f, org.springframework.test.context.support.DirtiesContextBeforeModesTestExecutionListener@75459c75, org.springframework.test.context.event.ApplicationEventsTestExecutionListener@183e8023, org.springframework.boot.test.mock.mockito.MockitoTestExecutionListener@45efc20d, org.springframework.boot.test.autoconfigure.SpringBootDependencyInjectionTestExecutionListener@3e5499cc, org.springframework.test.context.support.DirtiesContextTestExecutionListener@67ab1c47, org.springframework.test.context.event.EventPublishingTestExecutionListener@b78a709, org.springframework.boot.test.autoconfigure.restdocs.RestDocsTestExecutionListener@30bcf3c1, org.springframework.boot.test.autoconfigure.web.client.MockRestServiceServerResetTestExecutionListener@2a3c96e3, org.springframework.boot.test.autoconfigure.web.servlet.MockMvcPrintOnlyOnFailureTestExecutionListener@15cafec7, org.springframework.boot.test.autoconfigure.web.servlet.WebDriverTestExecutionListener@5b444398, org.springframework.boot.test.autoconfigure.webservices.client.MockWebServiceServerTestExecutionListener@cb191ca, org.springframework.boot.test.mock.mockito.ResetMocksTestExecutionListener@42f48531]
16:58:35.117 [Test worker] DEBUG org.springframework.test.context.support.AbstractDirtiesContextTestExecutionListener - Before test class: context [DefaultTestContext@d8305c2 testClass = WebTechProjektApplicationTests, testInstance = [null], testMethod = [null], testException = [null], mergedContextConfiguration = [WebMergedContextConfiguration@56bca85b testClass = WebTechProjektApplicationTests, locations = '{}', classes = '{class WebTechProjekt.WebTech.WebTechProjektApplication}', contextInitializerClasses = '[]', activeProfiles = '{}', propertySourceLocations = '{}', propertySourceProperties = '{org.springframework.boot.test.context.SpringBootTestContextBootstrapper=true}', contextCustomizers = set[org.springframework.boot.test.autoconfigure.actuate.metrics.MetricsExportContextCustomizerFactory$DisableMetricExportContextCustomizer@573906eb, org.springframework.boot.test.autoconfigure.properties.PropertyMappingContextCustomizer@0, org.springframework.boot.test.autoconfigure.web.servlet.WebDriverContextCustomizerFactory$Customizer@4ddbbdf8, org.springframework.boot.test.context.filter.ExcludeFilterContextCustomizer@1115ec15, org.springframework.boot.test.json.DuplicateJsonObjectContextCustomizerFactory$DuplicateJsonObjectContextCustomizer@79dc5318, org.springframework.boot.test.mock.mockito.MockitoContextCustomizer@0, org.springframework.boot.test.web.client.TestRestTemplateContextCustomizer@3688eb5b, org.springframework.boot.test.context.SpringBootTestArgs@1, org.springframework.boot.test.context.SpringBootTestWebEnvironment@69453e37], resourceBasePath = 'src/main/webapp', contextLoader = 'org.springframework.boot.test.context.SpringBootContextLoader', parent = [null]], attributes = map['org.springframework.test.context.web.ServletTestExecutionListener.activateListener' -> true]], class annotated with @DirtiesContext [false] with mode [null].

  .   ____          _            __ _ _
 /\\ / ___'_ __ _ _(_)_ __  __ _ \ \ \ \
( ( )\___ | '_ | '_| | '_ \/ _` | \ \ \ \
 \\/  ___)| |_)| | | | | || (_| |  ) ) ) )
  '  |____| .__|_| |_|_| |_\__, | / / / /
 =========|_|==============|___/=/_/_/_/
 :: Spring Boot ::                (v2.7.4)

2022-11-08 16:58:35.532  INFO 65386 --- [    Test worker] W.W.WebTechProjektApplicationTests       : Starting WebTechProjektApplicationTests using Java 18 on MacBook-Pro-von-Sinem.local with PID 65386 (started by krtgls in /Users/krtgls/MyWebtech-projekt)
2022-11-08 16:58:35.536  INFO 65386 --- [    Test worker] W.W.WebTechProjektApplicationTests       : No active profile set, falling back to 1 default profile: "default"
2022-11-08 16:58:37.841  INFO 65386 --- [    Test worker] W.W.WebTechProjektApplicationTests       : Started WebTechProjektApplicationTests in 2.676 seconds (JVM running for 4.124)
]]></system-out>
  <system-err><![CDATA[]]></system-err>
</testsuite>
